

Version:	3.10
CmdLine:	D:\Documents\git\MVCAlarm\executable\MVCAlarm.exe --l4j-debug
WOW64:		yes
Working dir:	D:\Documents\git\MVCAlarm\executable\.
Java min ver:	1.8.0
Java max ver:	
64-bit search:	SOFTWARE\JavaSoft\Java Runtime Environment...
Check:		SOFTWARE\JavaSoft\Java Runtime Environment\1.8
Ignore:		1.8
Check:		SOFTWARE\JavaSoft\Java Runtime Environment\1.8.0_131
Check launcher:	C:\Program Files\Java\jre1.8.0_131\bin\javaw.exe (OK)
Match:		1.8.0_131
64-bit search:	SOFTWARE\JavaSoft\Java Development Kit...
Check:		SOFTWARE\JavaSoft\Java Development Kit\1.8
Ignore:		1.8
Check:		SOFTWARE\JavaSoft\Java Development Kit\1.8.0_131
Ignore:		1.8.0_131
64-bit search:	SOFTWARE\JavaSoft\JRE...
64-bit search:	SOFTWARE\JavaSoft\JDK...
Runtime used:	1.8.0_131 (64-bit)
Launcher:	C:\Program Files\Java\jre1.8.0_131\bin\javaw.exe
Launcher args:	-jar "D:\Documents\git\MVCAlarm\executable\MVCAlarm.exe"
Args length:	56/32768 chars
Exit code:	0


Version:	3.10
CmdLine:	D:\Documents\git\MVCAlarm\executable\MVCAlarm.exe --l4j-debug
WOW64:		yes
Working dir:	D:\Documents\git\MVCAlarm\executable\.
Java min ver:	1.8.0
Java max ver:	
64-bit search:	SOFTWARE\JavaSoft\Java Runtime Environment...
Check:		SOFTWARE\JavaSoft\Java Runtime Environment\1.8
Ignore:		1.8
Check:		SOFTWARE\JavaSoft\Java Runtime Environment\1.8.0_131
Check launcher:	C:\Program Files\Java\jre1.8.0_131\bin\javaw.exe (OK)
Match:		1.8.0_131
64-bit search:	SOFTWARE\JavaSoft\Java Development Kit...
Check:		SOFTWARE\JavaSoft\Java Development Kit\1.8
Ignore:		1.8
Check:		SOFTWARE\JavaSoft\Java Development Kit\1.8.0_131
Ignore:		1.8.0_131
64-bit search:	SOFTWARE\JavaSoft\JRE...
64-bit search:	SOFTWARE\JavaSoft\JDK...
Runtime used:	1.8.0_131 (64-bit)
Launcher:	C:\Program Files\Java\jre1.8.0_131\bin\javaw.exe
Launcher args:	-jar "D:\Documents\git\MVCAlarm\executable\MVCAlarm.exe"
Args length:	56/32768 chars
Exit code:	0


Version:	3.10
CmdLine:	D:\Documents\git\MVCAlarm\executable\MVCAlarm.exe --l4j-debug
WOW64:		yes
Working dir:	D:\Documents\git\MVCAlarm\executable\.
Java min ver:	1.8.0
Java max ver:	
64-bit search:	SOFTWARE\JavaSoft\Java Runtime Environment...
32-bit search:	SOFTWARE\JavaSoft\Java Runtime Environment...
Check:		SOFTWARE\JavaSoft\Java Runtime Environment\1.7
Ignore:		1.7
Check:		SOFTWARE\JavaSoft\Java Runtime Environment\1.7.0_79
Ignore:		1.7.0_079
64-bit search:	SOFTWARE\JavaSoft\Java Development Kit...
Check:		SOFTWARE\JavaSoft\Java Development Kit\1.8
Ignore:		1.8
Check:		SOFTWARE\JavaSoft\Java Development Kit\1.8.0_131
Check launcher:	C:\Program Files\Java\jdk1.8.0_131\jre\bin\javaw.exe (OK)
Match:		1.8.0_131
64-bit search:	SOFTWARE\JavaSoft\JRE...
64-bit search:	SOFTWARE\JavaSoft\JDK...
Runtime used:	1.8.0_131 (64-bit)
Launcher:	C:\Program Files\Java\jdk1.8.0_131\jre\bin\javaw.exe
Launcher args:	-jar "D:\Documents\git\MVCAlarm\executable\MVCAlarm.exe"
Args length:	56/32768 chars
Exit code:	0
